<?xml version="1.0" encoding="UTF-8"?>
<!-- Generated by org.testng.reporters.JUnitXMLReporter -->
<testsuite ignored="1" hostname="LAPTOP-244IHO30" failures="2" tests="10" name="Test" time="0.08" errors="0" timestamp="2023-03-11T17:21:19 IST">
  <testcase classname="demo.TestNgTutorialHomeLoan" name="LoginAPIHomeLoan" time="0.0">
    <failure type="org.testng.TestNGException" message="
Parameter &amp;apos;homeLoanUrl&amp;apos; is required by @Test on method LoginAPIHomeLoan but has not been marked @Optional or defined
in C:\Users\aksha\eclipse-workspace\TestNgDemo\classDemo.xml">
      <![CDATA[org.testng.TestNGException: 
Parameter 'homeLoanUrl' is required by @Test on method LoginAPIHomeLoan but has not been marked @Optional or defined
in C:\Users\aksha\eclipse-workspace\TestNgDemo\classDemo.xml
at java.base/java.util.ArrayList.forEach(ArrayList.java:1511)
... Removed 26 stack frames]]>
    </failure>
  </testcase> <!-- LoginAPIHomeLoan -->
  <testcase classname="demo.TestNgTutorialHomeLoan" name="mobileLoginHomeLoan" time="0.001"/>
  <testcase classname="demo.TestNgTutorialPersonelLoan" name="loginWithAPI" time="0.001"/>
  <testcase classname="demo.TestNgTutorialPersonelLoan" name="loginWithMobile" time="0.001"/>
  <testcase classname="demo.TestNgTutorialPersonelLoan" name="loginWithWeb" time="0.001"/>
  <testcase classname="demo.TestNgTutorialPersonelLoan" name="loginWithWeb" time="0.001"/>
  <testcase classname="demo.TestNgTutorialPersonelLoan" name="loginWithWeb" time="0.001"/>
  <testcase classname="demo.TestNgTutorialCarLoan" name="LoginAPICraLoan" time="0.001"/>
  <testcase classname="demo.TestNgTutorialCarLoan" name="mobileLogincarLoan" time="0.0">
    <failure type="org.testng.TestNGException" message="
Parameter &amp;apos;url&amp;apos; is required by @Test on method mobileLogincarLoan but has not been marked @Optional or defined
in C:\Users\aksha\eclipse-workspace\TestNgDemo\classDemo.xml">
      <![CDATA[org.testng.TestNGException: 
Parameter 'url' is required by @Test on method mobileLogincarLoan but has not been marked @Optional or defined
in C:\Users\aksha\eclipse-workspace\TestNgDemo\classDemo.xml
at java.base/java.util.ArrayList.forEach(ArrayList.java:1511)
... Removed 26 stack frames]]>
    </failure>
  </testcase> <!-- mobileLogincarLoan -->
  <testcase classname="demo.TestNgTutorialCarLoan" name="webLogincarLoan" time="0.001"/>
  <testcase classname="demo.TestNgTutorialHomeLoan" name="webLoginHomeLoan" time="0.0">
    <ignored/>
  </testcase> <!-- webLoginHomeLoan -->
</testsuite> <!-- Test -->
